2025.09.17 22:23:58 INFO  no build target found for /Users/anusreev/Desktop/python coding/scala/scala.scala. Using presentation compiler with project's scala-library version: 3.3.6
2025.09.17 22:23:59 INFO  Running List(/opt/homebrew/bin/scala, setup-ide, /Users/anusreev/Desktop/python coding)
2025.09.17 22:24:00 INFO  Scala CLI: WARNING: A terminally deprecated method in sun.misc.Unsafe has been called
2025.09.17 22:24:00 INFO  Scala CLI: WARNING: sun.misc.Unsafe::objectFieldOffset has been called by scala.runtime.LazyVals$ (file:/opt/homebrew/Cellar/scala/3.7.2/libexec/libexec/scala-cli.jar)
2025.09.17 22:24:00 INFO  Scala CLI: WARNING: Please consider reporting this to the maintainers of class scala.runtime.LazyVals$
2025.09.17 22:24:00 INFO  Scala CLI: WARNING: sun.misc.Unsafe::objectFieldOffset will be removed in a future release
2025.09.17 22:24:01 INFO  Attempting to connect to the build server...
2025.09.17 22:24:01 INFO  Running BSP server List(/opt/homebrew/Cellar/scala/3.7.2/libexec/libexec/scala-cli.jar, --cli-default-scala-version, 3.7.2, --repository, file:///opt/homebrew/Cellar/scala/3.7.2/libexec/maven2, --prog-name, scala, --skip-cli-updates, bsp, --json-options, /Users/anusreev/Desktop/python coding/.scala-build/ide-options-v2.json, --json-launcher-options, /Users/anusreev/Desktop/python coding/.scala-build/ide-launcher-options.json, --envs-file, /Users/anusreev/Desktop/python coding/.scala-build/ide-envs.json, /Users/anusreev/Desktop/python coding)
2025.09.17 22:24:01 INFO  tracing is disabled for protocol BSP, to enable tracing of incoming and outgoing JSON messages create an empty file at /Users/anusreev/Desktop/python coding/.metals/bsp.trace.json or /Users/anusreev/Library/Caches/org.scalameta.metals/bsp.trace.json
2025.09.17 22:24:01 INFO  BSP server: /opt/homebrew/Cellar/scala/3.7.2/libexec/libexec/scala-cli.jar: /opt/homebrew/Cellar/scala/3.7.2/libexec/libexec/scala-cli.jar: cannot execute binary file
2025.09.17 22:24:01 INFO  no build target found for /Users/anusreev/Desktop/python coding/scala/scala.scala. Using presentation compiler with project's scala-library version: 3.3.6
2025.09.17 22:24:04 INFO  no build target found for /Users/anusreev/Desktop/python coding/scala/scala.scala. Using presentation compiler with project's scala-library version: 3.3.6
2025.09.17 22:24:06 INFO  no build target found for /Users/anusreev/Desktop/python coding/scala/scala.scala. Using presentation compiler with project's scala-library version: 3.3.6
2025.09.17 22:24:06 INFO  no build target found for /Users/anusreev/Desktop/python coding/scala/scala.scala. Using presentation compiler with project's scala-library version: 3.3.6
2025.09.17 22:24:29 INFO  no build target found for /Users/anusreev/Desktop/python coding/scala/scala.scala. Using presentation compiler with project's scala-library version: 3.3.6
2025.09.17 22:25:01 ERROR Timeout waiting for 'build/initialize' response
2025.09.17 22:25:01 WARN  Retrying connection to the build server scala
2025.09.17 22:25:01 INFO  Running BSP server List(/opt/homebrew/Cellar/scala/3.7.2/libexec/libexec/scala-cli.jar, --cli-default-scala-version, 3.7.2, --repository, file:///opt/homebrew/Cellar/scala/3.7.2/libexec/maven2, --prog-name, scala, --skip-cli-updates, bsp, --json-options, /Users/anusreev/Desktop/python coding/.scala-build/ide-options-v2.json, --json-launcher-options, /Users/anusreev/Desktop/python coding/.scala-build/ide-launcher-options.json, --envs-file, /Users/anusreev/Desktop/python coding/.scala-build/ide-envs.json, /Users/anusreev/Desktop/python coding)
2025.09.17 22:25:01 INFO  tracing is disabled for protocol BSP, to enable tracing of incoming and outgoing JSON messages create an empty file at /Users/anusreev/Desktop/python coding/.metals/bsp.trace.json or /Users/anusreev/Library/Caches/org.scalameta.metals/bsp.trace.json
2025.09.17 22:25:01 INFO  BSP server: /opt/homebrew/Cellar/scala/3.7.2/libexec/libexec/scala-cli.jar: /opt/homebrew/Cellar/scala/3.7.2/libexec/libexec/scala-cli.jar: cannot execute binary file
2025.09.17 22:26:01 ERROR Timeout waiting for 'build/initialize' response
2025.09.17 22:26:01 WARN  Retrying connection to the build server scala
2025.09.17 22:26:01 INFO  Running BSP server List(/opt/homebrew/Cellar/scala/3.7.2/libexec/libexec/scala-cli.jar, --cli-default-scala-version, 3.7.2, --repository, file:///opt/homebrew/Cellar/scala/3.7.2/libexec/maven2, --prog-name, scala, --skip-cli-updates, bsp, --json-options, /Users/anusreev/Desktop/python coding/.scala-build/ide-options-v2.json, --json-launcher-options, /Users/anusreev/Desktop/python coding/.scala-build/ide-launcher-options.json, --envs-file, /Users/anusreev/Desktop/python coding/.scala-build/ide-envs.json, /Users/anusreev/Desktop/python coding)
2025.09.17 22:26:01 INFO  tracing is disabled for protocol BSP, to enable tracing of incoming and outgoing JSON messages create an empty file at /Users/anusreev/Desktop/python coding/.metals/bsp.trace.json or /Users/anusreev/Library/Caches/org.scalameta.metals/bsp.trace.json
2025.09.17 22:26:01 INFO  BSP server: /opt/homebrew/Cellar/scala/3.7.2/libexec/libexec/scala-cli.jar: /opt/homebrew/Cellar/scala/3.7.2/libexec/libexec/scala-cli.jar: cannot execute binary file
2025.09.17 22:27:01 ERROR Timeout waiting for 'build/initialize' response
2025.09.17 22:27:01 WARN  Retrying connection to the build server scala
2025.09.17 22:27:01 INFO  Running BSP server List(/opt/homebrew/Cellar/scala/3.7.2/libexec/libexec/scala-cli.jar, --cli-default-scala-version, 3.7.2, --repository, file:///opt/homebrew/Cellar/scala/3.7.2/libexec/maven2, --prog-name, scala, --skip-cli-updates, bsp, --json-options, /Users/anusreev/Desktop/python coding/.scala-build/ide-options-v2.json, --json-launcher-options, /Users/anusreev/Desktop/python coding/.scala-build/ide-launcher-options.json, --envs-file, /Users/anusreev/Desktop/python coding/.scala-build/ide-envs.json, /Users/anusreev/Desktop/python coding)
2025.09.17 22:27:01 INFO  tracing is disabled for protocol BSP, to enable tracing of incoming and outgoing JSON messages create an empty file at /Users/anusreev/Desktop/python coding/.metals/bsp.trace.json or /Users/anusreev/Library/Caches/org.scalameta.metals/bsp.trace.json
2025.09.17 22:27:01 INFO  BSP server: /opt/homebrew/Cellar/scala/3.7.2/libexec/libexec/scala-cli.jar: /opt/homebrew/Cellar/scala/3.7.2/libexec/libexec/scala-cli.jar: cannot execute binary file
2025.09.17 22:28:01 ERROR Timeout waiting for 'build/initialize' response
2025.09.17 22:28:01 WARN  Retrying connection to the build server scala
2025.09.17 22:28:01 INFO  Running BSP server List(/opt/homebrew/Cellar/scala/3.7.2/libexec/libexec/scala-cli.jar, --cli-default-scala-version, 3.7.2, --repository, file:///opt/homebrew/Cellar/scala/3.7.2/libexec/maven2, --prog-name, scala, --skip-cli-updates, bsp, --json-options, /Users/anusreev/Desktop/python coding/.scala-build/ide-options-v2.json, --json-launcher-options, /Users/anusreev/Desktop/python coding/.scala-build/ide-launcher-options.json, --envs-file, /Users/anusreev/Desktop/python coding/.scala-build/ide-envs.json, /Users/anusreev/Desktop/python coding)
2025.09.17 22:28:01 INFO  tracing is disabled for protocol BSP, to enable tracing of incoming and outgoing JSON messages create an empty file at /Users/anusreev/Desktop/python coding/.metals/bsp.trace.json or /Users/anusreev/Library/Caches/org.scalameta.metals/bsp.trace.json
2025.09.17 22:28:01 INFO  BSP server: /opt/homebrew/Cellar/scala/3.7.2/libexec/libexec/scala-cli.jar: /opt/homebrew/Cellar/scala/3.7.2/libexec/libexec/scala-cli.jar: cannot execute binary file
2025.09.17 22:29:01 ERROR Timeout waiting for 'build/initialize' response
2025.09.17 22:29:01 WARN  Retrying connection to the build server scala
2025.09.17 22:29:01 INFO  Running BSP server List(/opt/homebrew/Cellar/scala/3.7.2/libexec/libexec/scala-cli.jar, --cli-default-scala-version, 3.7.2, --repository, file:///opt/homebrew/Cellar/scala/3.7.2/libexec/maven2, --prog-name, scala, --skip-cli-updates, bsp, --json-options, /Users/anusreev/Desktop/python coding/.scala-build/ide-options-v2.json, --json-launcher-options, /Users/anusreev/Desktop/python coding/.scala-build/ide-launcher-options.json, --envs-file, /Users/anusreev/Desktop/python coding/.scala-build/ide-envs.json, /Users/anusreev/Desktop/python coding)
2025.09.17 22:29:01 INFO  tracing is disabled for protocol BSP, to enable tracing of incoming and outgoing JSON messages create an empty file at /Users/anusreev/Desktop/python coding/.metals/bsp.trace.json or /Users/anusreev/Library/Caches/org.scalameta.metals/bsp.trace.json
2025.09.17 22:29:01 INFO  BSP server: /opt/homebrew/Cellar/scala/3.7.2/libexec/libexec/scala-cli.jar: /opt/homebrew/Cellar/scala/3.7.2/libexec/libexec/scala-cli.jar: cannot execute binary file
2025.09.17 22:30:01 ERROR Timeout waiting for 'build/initialize' response
2025.09.17 22:30:01 ERROR Failed to connect with build server, no functionality will work.
java.util.concurrent.TimeoutException
	at java.util.concurrent.CompletableFuture.timedGet(CompletableFuture.java:2006)
	at java.util.concurrent.CompletableFuture.get(CompletableFuture.java:2141)
	at scala.meta.internal.metals.BuildServerConnection$.initialize(BuildServerConnection.scala:787)
	at scala.meta.internal.metals.BuildServerConnection$.$anonfun$fromSockets$1(BuildServerConnection.scala:658)
	at scala.concurrent.impl.Promise$Transformation.run(Promise.scala:467)
	at java.util.concurrent.ThreadPoolExecutor.runWorker(ThreadPoolExecutor.java:1095)
	at java.util.concurrent.ThreadPoolExecutor$Worker.run(ThreadPoolExecutor.java:619)
	at java.lang.Thread.run(Thread.java:1447)

2025.09.17 22:30:01 WARN  no build target for: /Users/anusreev/Desktop/python coding/scala/scala.scala
2025.09.17 22:30:01 INFO  no build target found for /Users/anusreev/Desktop/python coding/scala/scala.scala. Using presentation compiler with project's scala-library version: 3.3.6
2025.09.17 22:33:27 WARN  no build target for: /Users/anusreev/Desktop/python coding/scala/scala.scala
2025.09.17 22:33:27 INFO  no build target found for /Users/anusreev/Desktop/python coding/scala/scala.scala. Using presentation compiler with project's scala-library version: 3.3.6
2025.09.17 22:33:27 INFO  no build target found for /Users/anusreev/Desktop/python coding/scala/scala.scala. Using presentation compiler with project's scala-library version: 3.3.6
2025.09.17 22:33:27 INFO  no build target found for /Users/anusreev/Desktop/python coding/scala/scala.scala. Using presentation compiler with project's scala-library version: 3.3.6
2025.09.17 22:33:29 INFO  no build target found for /Users/anusreev/Desktop/python coding/scala/scala.scala. Using presentation compiler with project's scala-library version: 3.3.6
2025.09.17 22:53:05 INFO  Shutting down server
2025.09.17 22:53:05 INFO  shutting down Metals
2025.09.17 22:53:05 INFO  Exiting server
